{
  "stats": {
    "suites": 1,
    "tests": 9,
    "passes": 9,
    "pending": 0,
    "failures": 0,
    "start": "2019-05-10T19:52:20.449Z",
    "end": "2019-05-10T19:54:39.586Z",
    "duration": 139137,
    "testsRegistered": 9,
    "passPercent": 100,
    "pendingPercent": 0,
    "other": 0,
    "hasOther": false,
    "skipped": 0,
    "hasSkipped": false,
    "passPercentClass": "success",
    "pendingPercentClass": "danger"
  },
  "suites": {
    "uuid": "24b2aa10-0564-40bf-8a52-33aa1212499c",
    "title": "",
    "fullFile": "",
    "file": "",
    "beforeHooks": [],
    "afterHooks": [],
    "tests": [],
    "suites": [
      {
        "uuid": "8dd23d14-f184-4181-bb60-ee94c0072aeb",
        "title": "Login should ",
        "fullFile": "",
        "file": "",
        "beforeHooks": [],
        "afterHooks": [],
        "tests": [
          {
            "title": "V3 Login: To verify that user navigation on hitting application url",
            "fullTitle": "Login should  V3 Login: To verify that user navigation on hitting application url",
            "duration": 65497,
            "state": "passed",
            "speed": "slow",
            "pass": true,
            "fail": false,
            "pending": false,
            "code": "cy.visit(_locators.default.url);\ncy.wait(_locators.default.longWait); // V3 Log In screen should appear \ncy.log('**V3 Log In screen should appear.**');\ncy.title().should('eq', 'Crownpeak V3 - Log In');",
            "err": {},
            "isRoot": false,
            "uuid": "526f392e-a923-4051-a935-03235f957b63",
            "isHook": false,
            "skipped": false
          },
          {
            "title": "Forget Password Link: To verify the functionality of Forgot Password? link on the CMS Login screen",
            "fullTitle": "Login should  Forget Password Link: To verify the functionality of Forgot Password? link on the CMS Login screen",
            "duration": 174,
            "state": "passed",
            "speed": "slow",
            "pass": true,
            "fail": false,
            "pending": false,
            "code": "cy.get(_locators.default.loginForgot_lnk).should('be.visible');\ncy.get(_locators.default.loginForgot_lnk).click(); // A Send Email prompt should appear for resetting the CMS Login password\ncy.log('**A Send Email prompt should appear for resetting the CMS Login password**');\ncy.get(_locators.default.loginForgot_txt).should('have.text', expectedForgotText);",
            "err": {},
            "isRoot": false,
            "uuid": "29e5fb52-dc8e-4897-9d77-f8e6a58b605c",
            "isHook": false,
            "skipped": false
          },
          {
            "title": "Back to login link: To verify the navigation of the user on clicking back to Login link",
            "fullTitle": "Login should  Back to login link: To verify the navigation of the user on clicking back to Login link",
            "duration": 30253,
            "state": "passed",
            "speed": "slow",
            "pass": true,
            "fail": false,
            "pending": false,
            "code": "cy.wait(_locators.default.shortWait);\ncy.get(_locators.default.loginForgotPasswordBack_lnk).should('be.visible');\ncy.get(_locators.default.loginForgotPasswordBack_lnk).click();\ncy.wait(_locators.default.shortWait); // User should be returned to the CMS Login page\ncy.log('**User should be returned to the CMS Login page**'); //cy.get('.version.ng-binding').should('have.text', 'Version ' + Constants.build);",
            "err": {},
            "isRoot": false,
            "uuid": "49d479ac-9442-4dcf-9dfa-f3355b1b1a3c",
            "isHook": false,
            "skipped": false
          },
          {
            "title": "Privacy Link: Verify the functionality of Privacy link on the CMS Login screen",
            "fullTitle": "Login should  Privacy Link: Verify the functionality of Privacy link on the CMS Login screen",
            "duration": 22,
            "state": "passed",
            "speed": "fast",
            "pass": true,
            "fail": false,
            "pending": false,
            "code": "// A browser window should open for the Privacy Policy page\ncy.log('**A browser window should open for the Privacy Policy page**');\ncy.get('a[href=\"' + _locators.default.linkPrivacy_url + '\"]').should('have.attr', 'target', '_blank');",
            "err": {},
            "isRoot": false,
            "uuid": "cad5ed03-2d37-4d5a-8977-0c15696e091e",
            "isHook": false,
            "skipped": false
          },
          {
            "title": "Close browser windows and return to V3 Clone: To verify the case when user returns to login page and Release Notes & Privacy browser windows are closed",
            "fullTitle": "Login should  Close browser windows and return to V3 Clone: To verify the case when user returns to login page and Release Notes & Privacy browser windows are closed",
            "duration": 116,
            "state": "passed",
            "speed": "slow",
            "pass": true,
            "fail": false,
            "pending": false,
            "code": "cy.log('**Cypress limitation!!**');",
            "err": {},
            "isRoot": false,
            "uuid": "1dc418d6-af2c-43c3-a7bd-3e4256ddd382",
            "isHook": false,
            "skipped": false
          },
          {
            "title": "Release Notes link: To verify the Release Note link on the CMS Login screen",
            "fullTitle": "Login should  Release Notes link: To verify the Release Note link on the CMS Login screen",
            "duration": 97,
            "state": "passed",
            "speed": "slow",
            "pass": true,
            "fail": false,
            "pending": false,
            "code": "// A browser window should open with a login screen for the Release Notes page\ncy.log('**A browser window should open with a login screen for the Release Notes page**');\ncy.get('a[href=\"' + _locators.default.linkReleaseNotes_url + '\"]').should('have.attr', 'target', '_blank');",
            "err": {},
            "isRoot": false,
            "uuid": "574f93e4-b836-4606-9117-3e35c17ce804",
            "isHook": false,
            "skipped": false
          },
          {
            "title": "Login with incorrect username: Enter the wrong Username and Password",
            "fullTitle": "Login should  Login with incorrect username: Enter the wrong Username and Password",
            "duration": 1806,
            "state": "passed",
            "speed": "slow",
            "pass": true,
            "fail": false,
            "pending": false,
            "code": "cy.get(_locators.default.loginUserName_txt).should('be.visible').type('WrongUserName');\ncy.get(_locators.default.loginPassword_txt).should('be.visible').type('WrongPassword');\ncy.get(_locators.default.loginLogin_btn).should('be.visible').click(); // Error prompt should appear stating Your Crownpeak Username or Password is Incorrect.\ncy.log('**Error prompt should appear stating Your Crownpeak Username or Password is Incorrect.**');\ncy.get(_locators.default.loginError_txt).should('have.text', 'Your Crownpeak Username or Password is Incorrect.');",
            "err": {},
            "isRoot": false,
            "uuid": "1f107ef3-9598-48b2-a2b3-6bfe809ce28d",
            "isHook": false,
            "skipped": false
          },
          {
            "title": "Login with correct password: Enter the correct Username and Password for your admin account",
            "fullTitle": "Login should  Login with correct password: Enter the correct Username and Password for your admin account",
            "duration": 15867,
            "state": "passed",
            "speed": "slow",
            "pass": true,
            "fail": false,
            "pending": false,
            "code": "cy.get(_locators.default.loginUserName_txt).should('be.visible').clear().type(_locators.default.usernameInput);\ncy.get(_locators.default.loginPassword_txt).should('be.visible').clear().type(_locators.default.passwordInput);\ncy.get(_locators.default.loginLogin_btn).should('be.visible').click(); // User should log in to application with no errors.\ncy.log('**User should log in to application with no errors.**');\ncy.get(_locators.default.loginVersion_lbl).should('not.be.visible');\ncy.wait(_locators.default.shortWait);",
            "err": {},
            "isRoot": false,
            "uuid": "6e3e0fe6-7177-4df7-965e-7dfbbab05be6",
            "isHook": false,
            "skipped": false
          },
          {
            "title": "To verify the page displayed after login to application: Observe the page loaded upon login",
            "fullTitle": "Login should  To verify the page displayed after login to application: Observe the page loaded upon login",
            "duration": 65,
            "state": "passed",
            "speed": "medium",
            "pass": true,
            "fail": false,
            "pending": false,
            "code": "// User should be taken to the Content page(or as set by user in preferences)\ncy.log('**User should be taken to the Content page(or as set by user in preferences)**');\ncy.title().should('eq', 'Crownpeak V3 - Dashboard');",
            "err": {},
            "isRoot": false,
            "uuid": "c4d58a7d-ce8a-4e46-a5f0-b5de48589474",
            "isHook": false,
            "skipped": false
          }
        ],
        "suites": [],
        "passes": [
          "526f392e-a923-4051-a935-03235f957b63",
          "29e5fb52-dc8e-4897-9d77-f8e6a58b605c",
          "49d479ac-9442-4dcf-9dfa-f3355b1b1a3c",
          "cad5ed03-2d37-4d5a-8977-0c15696e091e",
          "1dc418d6-af2c-43c3-a7bd-3e4256ddd382",
          "574f93e4-b836-4606-9117-3e35c17ce804",
          "1f107ef3-9598-48b2-a2b3-6bfe809ce28d",
          "6e3e0fe6-7177-4df7-965e-7dfbbab05be6",
          "c4d58a7d-ce8a-4e46-a5f0-b5de48589474"
        ],
        "failures": [],
        "pending": [],
        "skipped": [],
        "duration": 113897,
        "root": false,
        "rootEmpty": false,
        "_timeout": 2000
      }
    ],
    "passes": [],
    "failures": [],
    "pending": [],
    "skipped": [],
    "duration": 0,
    "root": true,
    "rootEmpty": true,
    "_timeout": 2000
  },
  "copyrightYear": 2019
}