{
  "stats": {
    "suites": 1,
    "tests": 14,
    "passes": 12,
    "pending": 2,
    "failures": 0,
    "start": "2019-05-10T19:48:57.617Z",
    "end": "2019-05-10T19:51:42.136Z",
    "duration": 164519,
    "testsRegistered": 14,
    "passPercent": 100,
    "pendingPercent": 14.3,
    "other": 0,
    "hasOther": false,
    "skipped": 0,
    "hasSkipped": false,
    "passPercentClass": "success",
    "pendingPercentClass": "danger"
  },
  "suites": {
    "uuid": "7ba74931-8053-42f2-9c91-4378452e5cda",
    "title": "",
    "fullFile": "",
    "file": "",
    "beforeHooks": [],
    "afterHooks": [],
    "tests": [],
    "suites": [
      {
        "uuid": "68d41451-dd9c-4798-b37e-c4acdb009ea3",
        "title": "Links: To check all available links are clickable and opening properly ",
        "fullFile": "",
        "file": "",
        "beforeHooks": [],
        "afterHooks": [],
        "tests": [
          {
            "title": "HelpIcon: To verify the navigation on clicking Help icon from left menu",
            "fullTitle": "Links: To check all available links are clickable and opening properly  HelpIcon: To verify the navigation on clicking Help icon from left menu",
            "duration": 41336,
            "state": "passed",
            "speed": "slow",
            "pass": true,
            "fail": false,
            "pending": false,
            "code": "cy.wait(_locators.default.shortWait); // Go to Help menu\ncy.log('** Go to Help menu**');\ncy.get('div[title=\\'Help\\']').click();\ncy.wait(_locators.default.shortWait); // Overview page should display\ncy.log('**Overview page should display**');\ncy.title().should('eq', 'Crownpeak V3 - Help - Overview');\ncy.get('strong').contains('Overview').should('be.visible');",
            "err": {},
            "isRoot": false,
            "uuid": "ae7046e1-6921-4bc8-8163-f277e4caa21e",
            "isHook": false,
            "skipped": false
          },
          {
            "title": "Customer Documents: To verify the Customer Documents tab (if applicable)",
            "fullTitle": "Links: To check all available links are clickable and opening properly  Customer Documents: To verify the Customer Documents tab (if applicable)",
            "duration": 5296,
            "state": "passed",
            "speed": "slow",
            "pass": true,
            "fail": false,
            "pending": false,
            "code": "cy.wait(_locators.default.wait); // Click on Customer Documents\ncy.log('** Click on Customer Documents**');\ncy.get('p-header.ng-star-inserted > span').contains('Customer Documents').click(); // Customer Documents page should display (if applicable)\ncy.log('**Customer Documents page should display (if applicable)**');\ncy.title().should('eq', 'Crownpeak V3 - Help - Customer Documents');",
            "err": {},
            "isRoot": false,
            "uuid": "c305cca7-0732-4f39-9072-6a0924f55934",
            "isHook": false,
            "skipped": false
          },
          {
            "title": "Contact Support tab: To verify the Contact Support tab",
            "fullTitle": "Links: To check all available links are clickable and opening properly  Contact Support tab: To verify the Contact Support tab",
            "duration": 5306,
            "state": "passed",
            "speed": "slow",
            "pass": true,
            "fail": false,
            "pending": false,
            "code": "cy.wait(_locators.default.wait); // Click on Contact Support tab\ncy.log('** Click on Contact Support tab**');\ncy.get('p-header > span').contains('Contact Support').click(); // Contact Support form should display\ncy.log('**Contact Support form should display**');\ncy.title().should('eq', 'Crownpeak V3 - Help - Support');\ncy.get('strong').contains('Contact Support').should('be.visible');",
            "err": {},
            "isRoot": false,
            "uuid": "ff0ab84d-2f75-4ef1-8894-c1be3e9b1a4d",
            "isHook": false,
            "skipped": false
          },
          {
            "title": "Debug tab: To verify the Debug tab",
            "fullTitle": "Links: To check all available links are clickable and opening properly  Debug tab: To verify the Debug tab",
            "duration": 5422,
            "state": "passed",
            "speed": "slow",
            "pass": true,
            "fail": false,
            "pending": false,
            "code": "cy.wait(_locators.default.wait); // Click on Debug\ncy.log('** Click on Debug**');\ncy.get('p-header > span').contains('Debug').click(); // Debug page should display with Address, Cached Items, User Information\ncy.log('**Debug page should display with Address, Cached Items, User Information**');\ncy.title().should('eq', 'Crownpeak V3 - Help - Debug');\ncy.get('.debug-section > strong').contains('Address:').should('be.visible');\ncy.get('.debug-section-heading').contains('Cached Items').should('be.visible');\ncy.get('.debug-section-heading').contains('User Information:').should('be.visible');",
            "err": {},
            "isRoot": false,
            "uuid": "54aa3181-9671-4b55-bc55-2492e7cd69ee",
            "isHook": false,
            "skipped": false
          },
          {
            "title": "Product Feedback: To verify the navigation on clicking Product feedback under the User icon",
            "fullTitle": "Links: To check all available links are clickable and opening properly  Product Feedback: To verify the navigation on clicking Product feedback under the User icon",
            "duration": 5343,
            "state": "passed",
            "speed": "slow",
            "pass": true,
            "fail": false,
            "pending": false,
            "code": "cy.wait(_locators.default.wait); // Go to user icon displayed on upper top right of page\ncy.log('**1. Go to user icon displayed on upper top right of page **');\ncy.get('#topbarUserMenuToggle').click(); // Click on Product feedback link\ncy.log('**2. Click on Product feedback link **');\ncy.get('#topbarFeedback').click(); // Contact Support form should display\ncy.log('**Contact Support form should display**');\ncy.title().should('eq', 'Crownpeak V3 - Help - Support');\ncy.get('strong').contains('Contact Support').should('be.visible');",
            "err": {},
            "isRoot": false,
            "uuid": "3c48eaf0-4719-415d-abfa-3a1cf313521d",
            "isHook": false,
            "skipped": false
          },
          {
            "title": "Support: To verify the navigation on clicking Support under the User icon",
            "fullTitle": "Links: To check all available links are clickable and opening properly  Support: To verify the navigation on clicking Support under the User icon",
            "duration": 5230,
            "state": "passed",
            "speed": "slow",
            "pass": true,
            "fail": false,
            "pending": false,
            "code": "cy.wait(_locators.default.wait); // Go to user icon displayed on upper top right of page\ncy.log('**1. Go to user icon displayed on upper top right of page **');\ncy.get('#topbarUserMenuToggle').click(); // Click on Support link\ncy.log('**2. Click on Support link **'); // A browser window should open for the Crownpeak Support page\ncy.log('**A browser window should open for the Crownpeak Support page**'); // cy.get('#topbarSupport').should('have.attr', 'cp-open-link-target', '_blank');\n// cy.get('#topbarSupport').should('have.attr', 'cp-open-link-target', '_blank');\ncy.get('#topbarSupport > span.name').should('have.text', 'Support');",
            "err": {},
            "isRoot": false,
            "uuid": "35395496-13b4-4701-9340-cf49a373d3b1",
            "isHook": false,
            "skipped": false
          },
          {
            "title": "Help: To verify the navigation on clicking Help under User icon",
            "fullTitle": "Links: To check all available links are clickable and opening properly  Help: To verify the navigation on clicking Help under User icon",
            "duration": 5158,
            "state": "passed",
            "speed": "slow",
            "pass": true,
            "fail": false,
            "pending": false,
            "code": "cy.wait(_locators.default.wait); // Go to user icon displayed on upper top right of page\ncy.log('**1. Go to user icon displayed on upper top right of page **');\ncy.get('#topbarUserMenuToggle').click(); // Click on Help link\ncy.log('**2. Click on Help link **'); // A browser window should open for the Crownpeak Support page\ncy.log('**A browser window should open for the Crownpeak Support page**'); // cy.get('#topbarHelp').should('have.attr', 'cp-open-link-target', '_blank');\n// cy.get('#topbarHelp').should('have.attr', 'cp-open-link', Constants.linkDocumentationBestPractices_url);\ncy.get('#topbarHelp > span.name').should('have.text', 'Help');",
            "err": {},
            "isRoot": false,
            "uuid": "f093cc90-a871-4b99-aa0d-fe9595a46307",
            "isHook": false,
            "skipped": false
          },
          {
            "title": "Theme: To verify the option displayed on hovering theme link under User icon",
            "fullTitle": "Links: To check all available links are clickable and opening properly  Theme: To verify the option displayed on hovering theme link under User icon",
            "duration": 5379,
            "state": "passed",
            "speed": "slow",
            "pass": true,
            "fail": false,
            "pending": false,
            "code": "cy.wait(_locators.default.wait); // Go to user icon displayed on upper top right of page\ncy.log('**1. Go to user icon displayed on upper top right of page **');\ncy.get('#topbarUserMenuToggle').click(); // Hover  theme  link\ncy.log('**2. Hover  theme  link **'); //cy.get('#topbarThemeMenuToggle').trigger('mousemove');\ncy.get('#topbarThemeMenuToggle').trigger('mouseover'); // Default option should display\ncy.log('**Default option should display**'); //cy.get('.open > .cpDropdown > li > .ng-scope > .name').should('have.text', 'Default'); // Old\ncy.get('.open > .cpDropdown.dropdown-menu.dropdown-menu-right > li > button > .name').contains('Default').should('have.text', 'Default'); // New",
            "err": {},
            "isRoot": false,
            "uuid": "8d616454-75a6-4159-8a99-bf1111952c95",
            "isHook": false,
            "skipped": false
          },
          {
            "title": "Language: To verify the option displayed on hovering language link under User icon",
            "fullTitle": "Links: To check all available links are clickable and opening properly  Language: To verify the option displayed on hovering language link under User icon",
            "duration": 5181,
            "state": "passed",
            "speed": "slow",
            "pass": true,
            "fail": false,
            "pending": false,
            "code": "cy.wait(_locators.default.wait); // Go to user icon displayed on upper top right of page\n// Hover  language  link\ncy.log('**1. Go to user icon displayed on upper top right of page **');\ncy.log('**2. Hover  language  link **'); //cy.get('#topbarLanguage').trigger('mousemove');\ncy.get('#topbarLanguage').trigger('mouseover'); // A list of languages should display\ncy.log('**A list of languages should display**');\ncy.get('ul.cpDropdown.dropdown-menu.dropdown-menu-right > li').children('button').should('have.length', 18);",
            "err": {},
            "isRoot": false,
            "uuid": "569949c7-58c7-49f9-a7f4-5f06ed9fbb9c",
            "isHook": false,
            "skipped": false
          },
          {
            "title": "Privacy link: To verify the Privacy link under User icon",
            "fullTitle": "Links: To check all available links are clickable and opening properly  Privacy link: To verify the Privacy link under User icon",
            "duration": 5154,
            "state": "passed",
            "speed": "slow",
            "pass": true,
            "fail": false,
            "pending": false,
            "code": "cy.wait(_locators.default.wait); // Go to user icon displayed on upper top right of page\n// Click  Privacy link\ncy.log('**1. Go to user icon displayed on upper top right of page **');\ncy.get('#topbarUserMenuToggle').click();\ncy.log('**2. Click on Privacy link **'); //cy.get('#topbarSupport').click();\ncy.log('**A browser window should open for the Crownpeak Support page**'); // cy.get('#topbarPrivacy').should('have.attr', 'cp-open-link-target', '_blank');\n// cy.get('#topbarPrivacy').should('have.attr', 'cp-open-link', Constants.linkPrivacy_url);\ncy.get('#topbarPrivacy > span.name').should('have.text', 'Privacy');",
            "err": {},
            "isRoot": false,
            "uuid": "132684bd-db31-40ae-bd17-27f21a528de1",
            "isHook": false,
            "skipped": false
          },
          {
            "title": "DQM (1): To verify the navigation on DQM icon from the left menu",
            "fullTitle": "Links: To check all available links are clickable and opening properly  DQM (1): To verify the navigation on DQM icon from the left menu",
            "duration": 0,
            "state": "pending",
            "pass": false,
            "fail": false,
            "pending": true,
            "code": "",
            "err": {},
            "isRoot": false,
            "uuid": "4031f922-bdc3-45af-bf1c-fe4ebe001f0d",
            "isHook": false,
            "skipped": false
          },
          {
            "title": "Market place: To verify the navigation on Marketplace icon  from the left menu",
            "fullTitle": "Links: To check all available links are clickable and opening properly  Market place: To verify the navigation on Marketplace icon  from the left menu",
            "duration": 0,
            "state": "pending",
            "pass": false,
            "fail": false,
            "pending": true,
            "code": "",
            "err": {},
            "isRoot": false,
            "uuid": "7eb590f3-7353-43af-bb64-3bd742571ef4",
            "isHook": false,
            "skipped": false
          },
          {
            "title": "WCO (1): To verify the navigation on  WCO icon from the left menu",
            "fullTitle": "Links: To check all available links are clickable and opening properly  WCO (1): To verify the navigation on  WCO icon from the left menu",
            "duration": 5048,
            "state": "passed",
            "speed": "slow",
            "pass": true,
            "fail": false,
            "pending": false,
            "code": "cy.wait(_locators.default.wait); // Click on WCO icon from left menu\ncy.log('** Click on WCO icon from left menu**');\ncy.get('div[title=\\'WCO\\']').should('be.visible'); // Targeted Groups page should be displayed\ncy.log('**Targeted Groups page should be displayed**'); // cy.title().should('eq', 'Crownpeak V3 - WCO - Dynamic Content - Targeting Groups');\n// cy.get('strong').contains('Targeting Groups').should('be.visible');",
            "err": {},
            "isRoot": false,
            "uuid": "2f25322d-a127-4963-845c-cc1c58b20653",
            "isHook": false,
            "skipped": false
          },
          {
            "title": "Logout: To verify the Log out option under User",
            "fullTitle": "Links: To check all available links are clickable and opening properly  Logout: To verify the Log out option under User",
            "duration": 35367,
            "state": "passed",
            "speed": "slow",
            "pass": true,
            "fail": false,
            "pending": false,
            "code": "cy.wait(_locators.default.shortWait); // Go to user icon displayed on upper top right of page\n// Click on Logout link\ncy.log('**1. Go to user icon displayed on upper top right of page **');\ncy.get('#topbarUserMenuToggle').click({\n  force: true\n});\ncy.log('**2. Click on Logout link **');\ncy.wait(_locators.default.wait);\ncy.get('#topbarSignOut').click({\n  force: true\n});\ncy.wait(_locators.default.shortWait); // The user should successfully be logged out of the CMS\ncy.log('**The user should successfully be logged out of the CMS**');\ncy.title().should('eq', 'Crownpeak V3 - Log In');",
            "err": {},
            "isRoot": false,
            "uuid": "f9699b67-87cd-4d1a-aed4-82539a919a3c",
            "isHook": false,
            "skipped": false
          }
        ],
        "suites": [],
        "passes": [
          "ae7046e1-6921-4bc8-8163-f277e4caa21e",
          "c305cca7-0732-4f39-9072-6a0924f55934",
          "ff0ab84d-2f75-4ef1-8894-c1be3e9b1a4d",
          "54aa3181-9671-4b55-bc55-2492e7cd69ee",
          "3c48eaf0-4719-415d-abfa-3a1cf313521d",
          "35395496-13b4-4701-9340-cf49a373d3b1",
          "f093cc90-a871-4b99-aa0d-fe9595a46307",
          "8d616454-75a6-4159-8a99-bf1111952c95",
          "569949c7-58c7-49f9-a7f4-5f06ed9fbb9c",
          "132684bd-db31-40ae-bd17-27f21a528de1",
          "2f25322d-a127-4963-845c-cc1c58b20653",
          "f9699b67-87cd-4d1a-aed4-82539a919a3c"
        ],
        "failures": [],
        "pending": [
          "4031f922-bdc3-45af-bf1c-fe4ebe001f0d",
          "7eb590f3-7353-43af-bb64-3bd742571ef4"
        ],
        "skipped": [],
        "duration": null,
        "root": false,
        "rootEmpty": false,
        "_timeout": 2000
      }
    ],
    "passes": [],
    "failures": [],
    "pending": [],
    "skipped": [],
    "duration": 0,
    "root": true,
    "rootEmpty": true,
    "_timeout": 2000
  },
  "copyrightYear": 2019
}