{
  "stats": {
    "suites": 1,
    "tests": 1,
    "passes": 1,
    "pending": 0,
    "failures": 0,
    "start": "2019-05-10T19:55:11.035Z",
    "end": "2019-05-10T20:04:54.982Z",
    "duration": 583947,
    "testsRegistered": 1,
    "passPercent": 100,
    "pendingPercent": 0,
    "other": 0,
    "hasOther": false,
    "skipped": 0,
    "hasSkipped": false,
    "passPercentClass": "success",
    "pendingPercentClass": "danger"
  },
  "suites": {
    "uuid": "0971f514-e3d7-4e3a-8edf-54b287e87ac2",
    "title": "",
    "fullFile": "",
    "file": "",
    "beforeHooks": [],
    "afterHooks": [],
    "tests": [],
    "suites": [
      {
        "uuid": "04a79677-ce4d-41ff-9221-f9b61bdc558e",
        "title": "Publishing should ",
        "fullFile": "",
        "file": "",
        "beforeHooks": [],
        "afterHooks": [],
        "tests": [
          {
            "title": "Proceed to Folder, Branched Asset, Cloned Asset",
            "fullTitle": "Publishing should  Proceed to Folder, Branched Asset, Cloned Asset",
            "duration": 580707,
            "state": "passed",
            "speed": "slow",
            "pass": true,
            "fail": false,
            "pending": false,
            "code": "cy.wait(_locators.default.wait);\ncy.get('.module.content').should('be.visible').click({\n  force: true\n});\ncy.wait(_locators.default.wait); //Open File Menu and check New->Sub menu items are displaying\nMenuPageObject.clickMenuItem(menuItem); //.wait(Constants.shortWait)\ncy.get(_locators.default.modelOptionInSubMenu_lnk).contains('New').trigger('mouseover').should('be.visible');\ncy.wait(_locators.default.shortWait);\ncy.get(_locators.default.modelOptionInSubMenu_lnk).contains('Site Root').trigger('mousemove');\ncy.get(_locators.default.modelOptionInSubMenu_lnk).contains('Site Root').click({\n  force: true\n}); // The Create Site Root prompt should come up\ncy.log('**The Create Site Root prompt should come up.**');\ncy.get('p-header').should('have.text', 'Create Site Root '); // Enter New site root name in textbox\ncy.log('**Enter New site root name in textbox**');\ncy.get('#siteRootInput').should('be.visible').trigger('click');\ncy.log('**Text should be in the text box.**');\ncy.get('#siteRootInput').type(SiteRootName); // Click on Install Component Project using Component Library 2.1 checkbox\ncy.log('**Click on Install Component Project using Component Library 2.1 checkbox**');\ncy.get('div.checkbox').should('be.visible');\ncy.get('div.checkbox').children('label').should('have.text', 'Install Component Project using Component Library 2.1');\ncy.get('div.checkbox').click(); // A check mark should appear in the box and two more options should appear\ncy.log('**A check mark should appear in the box and two more options should appear**');\ncy.get('.checkbox.ng-star-inserted').should('have.length', 2);\ncy.get('.checkbox.ng-star-inserted > label').first().should('have.text', 'Install Samples');\ncy.get('.checkbox.ng-star-inserted > label').first().children('input').should('be.checked');\ncy.get('.checkbox.ng-star-inserted > label').last().should('have.text', 'Rebuild Site After Creation ');\ncy.get('.checkbox.ng-star-inserted > label').last().children('input').should('be.checked'); // Click on save button\ncy.log('**Click on save button**');\ncy.get('.ui-dialog-footer').should('be.visible').children('p-footer').children('button').last().click({\n  force: true\n}); // A notification should come up stating that the Site Root is created.\ncy.log('**A notification should come up stating that the Site Root is created.**');\ncy.get(_locators.default.toastNotificationMessage).should('have.text', 'Created site root ' + SiteRootName + '.'); // Activity Monitor Status: To verify user able to Open the Activity Monitor\ncy.get('#topbarPublishingMenuToggle').click();\ncy.wait(_locators.default.longWait);\ncy.get('.publishingDropdown').should('be.visible');\ncy.get('.publishingactivity > .cpDropdown > .header > .name').should('have.text', 'Activity Monitor Quickview');\ncy.get(_locators.default.modelOptionInSubMenu_lnk).contains('Long Running Tasks').trigger('scroll');\ncy.get('.taskName').contains('RebuildCLSite').should('be.visible');\ncy.wait(_locators.default.shortWait);\ncy.get('.taskName').contains('RebuildCLSite').prev().should('have.attr', 'class', 'statusColor session-success');\ncy.get('.taskName').contains('FinishAddCL').should('be.visible');\ncy.wait(_locators.default.shortWait);\ncy.get('.taskName').contains('FinishAddCL').prev().should('have.attr', 'class', 'statusColor session-success');\ncy.get('.taskName').contains('AddCL').should('be.visible'); //.wait(Constants.shortWait);\ncy.get('.taskName').contains('AddCL').prev().should('have.attr', 'class', 'statusColor session-success'); // cy.wait(Constants.wait);     \n// Search for the created SiteRoot\nUtilityHelper.searchSiteRoot(SiteRootName, _locators.default.wait); // Double click to open searched folder\ncy.get('.assetLabelLink.ng-binding').contains(SiteRootName).should('be.visible');\ncy.wait(_locators.default.wait);\ncy.get('.assetLabelLink.ng-binding').contains(SiteRootName).trigger('dblclick');\ncy.wait(_locators.default.wait); // Verify the display of various files\ncy.get('.crumbsLink.ng-binding').contains(SiteRootName).should('be.visible');\ncy.get('.assetLabelLink.ng-binding').contains('_Assets').should('be.visible');\ncy.get('.assetLabelLink.ng-binding').contains('_Site Config').should('be.visible');\ncy.get('.assetLabelLink.ng-binding').contains('Component Project').should('be.visible');\ncy.get('.assetLabelLink.ng-binding').contains('Demo Page').should('be.visible');\ncy.get('.assetLabelLink.ng-binding').contains('Page').should('be.visible'); //CReate Wisywig Asset\ncy.wait(_locators.default.shortWait);\ncy.get('button#topbarFileMenuToggle').click();\ncy.get('button#topbarNewMenuToggle').trigger('mouseover');\ncy.wait(_locators.default.wait);\ncy.get(_locators.default.modelOptionInSubMenu_lnk).contains('File').trigger('mousemove').trigger('click'); // Create Template File modal\ncy.get('div[role=dialog]', {\n  timeout: _locators.default.wait\n}).should('be.visible');\ncy.get('p-header').should('contain', 'Create New');\ncy.get('#label').click(); //input the new File name in input box and verify the file path\ncy.get('#label').type(WisywigFileName);\ncy.get('.new-file-name-input > span').should('have.text', 'Path: /' + SiteRootName + ''); //click on Browse button and select the Drag and Drop Template\ncy.get('button.btn.btn-primary:contains(\\'Browse\\')').trigger('click');\ncy.wait(_locators.default.wait);\ncy.get('asset-browser.ng-star-inserted > .head > .assetRow > .assetLabel > .assetLabelLink').click();\ncy.get('a.assetLabelLink.ng-binding').contains('wysiwyg image test template').click({\n  force: true\n});\ncy.get('button').contains('OK').click();\ncy.get('span.new-file-template-path').should('have.text', 'Path: /' + SiteRootName + '/Component Project/Templates/wysiwyg image test template'); //select the workflow and click on Create button\ncy.get('select').select('Basic Workflow');\ncy.wait(_locators.default.wait);\ncy.get('button.btn.btn-primary').contains('Create').click();\ncy.wait(_locators.default.wait);\ncy.get(_locators.default.toastNotificationMessage).should('have.text', 'Created asset ' + WisywigFileName + '.');\ncy.wait(_locators.default.wait); //Open the created asset\ncy.get('a.assetLabelLink.ng-binding').contains(WisywigFileName).trigger('click');\ncy.wait(_locators.default.wait);\ncy.get('body').type('{alt}{shift}B', {\n  force: true\n});\ncy.wait(_locators.default.wait);\ncy.get('a.assetLabelLink.ng-binding').contains(WisywigFileName).trigger('dblclick');\ncy.wait(_locators.default.wait); // Change image and WYSIWIG text\ncy.log('**Action: Change the image.**');\ncy.wait(_locators.default.wait); // Select Image\nUtilityHelper.selectImageInImageComponent(SiteRootName, 'Beach-Small.jpg', _locators.default.wait); // Change the text in WYSIWYG to display the  build.\ncy.log('**Change the text to display the  build.**');\nUtilityHelper.insertTextInWYSIWYGIframe('This is New WYSIWIG text' + randomNumber); //Action: Select Save.\ncy.log('**Action: Select Save.**');\ncy.get('#contentModuleSave').click();\ncy.wait(_locators.default.wait);\ncy.get('.toast-message').should('have.text', 'Saving asset completed successfully'); // click on created Asset and make it Branch Asset\ncy.wait(_locators.default.wait);\ncy.get('a.assetLabelLink.ng-binding').contains(WisywigFileName).trigger('contextmenu');\ncy.wait(_locators.default.wait); // Stage and Live the created Branched Asset\ncy.log('**Action: Right click the Branched Asset that is in Draft.** ');\ncy.get('.name.ng-scope').contains('Workflow').click({\n  force: true\n});\ncy.get('.statusName.workflowMenuItem').contains('Pending').click({\n  force: true\n});\ncy.wait(_locators.default.wait);\ncy.get(_locators.default.toastNotificationMessage).should('have.text', 'Workflow command \"Send for Approval\" completed.');\ncy.wait(_locators.default.wait);\ncy.get('a.assetLabelLink.ng-binding').contains(WisywigFileName).trigger('contextmenu');\ncy.wait(_locators.default.wait);\ncy.get('.name.ng-scope').contains('Workflow').click({\n  force: true\n});\ncy.get('.statusName.workflowMenuItem').contains('Stage').click({\n  force: true\n});\ncy.wait(_locators.default.wait);\ncy.get(_locators.default.toastNotificationMessage).should('have.text', 'Workflow command \"Approve\" completed.'); // Right click the same asset and select Workflow-> Live.\ncy.log('**Action: Right click the same asset and select Workflow-> Live.**');\ncy.wait(_locators.default.wait);\ncy.get('a.assetLabelLink.ng-binding').contains(WisywigFileName).trigger('contextmenu');\ncy.wait(_locators.default.wait);\ncy.get('.name.ng-scope').contains('Workflow').click({\n  force: true\n});\ncy.wait(_locators.default.wait);\ncy.get('.statusName.workflowMenuItem').contains('Live').click({\n  force: true\n});\ncy.wait(_locators.default.wait); // Select Workflow-> Live.\ncy.log('**Action: Select Workflow-> Live.**');\ncy.get(_locators.default.toastNotificationMessage).should('have.text', 'Workflow command \"Deploy to Live\" completed.');\ncy.wait(_locators.default.wait);\ncy.get('button.tabCloseButton').click(); //Open the created asset\ncy.get('div.asset.ng-scope:nth-child(7) div.assetRow.ng-scope div.assetLabel:nth-child(4) > a.assetLabelLink.ng-binding').contains(WisywigFileName).trigger('click');\ncy.wait(_locators.default.wait);\ncy.wait(_locators.default.wait);\ncy.get('div.asset.ng-scope:nth-child(7) div.assetRow.ng-scope div.assetLabel:nth-child(4) > a.assetLabelLink.ng-binding').contains(WisywigFileName).trigger('dblclick');\ncy.wait(_locators.default.wait); // Change image and WYSIWIG text\ncy.log('**Action: Change the image.**');\ncy.wait(_locators.default.wait); // Select Image\nUtilityHelper.selectImageInImageComponent(SiteRootName, 'Beach-Small.jpg', _locators.default.wait); // Change the text in WYSIWYG to display the  build.\ncy.log('**Change the text to display the  build.**');\nUtilityHelper.insertTextInWYSIWYGIframe('This is New WYSIWIG text' + randomNumber); // Select Save.\ncy.log('**Action: Select Save.**');\ncy.get('#contentModuleSave').click();\ncy.wait(_locators.default.wait);\ncy.get(_locators.default.toastNotificationMessage).should('have.text', 'Saving asset completed successfully'); // click on created Asset and make it Branch Asset\ncy.wait(_locators.default.wait);\ncy.get('div.asset.ng-scope:nth-child(7) div.assetRow.ng-scope div.assetLabel:nth-child(4) > a.assetLabelLink.ng-binding').trigger('contextmenu');\ncy.wait(_locators.default.wait); // Stage and Live the created Branched Asset\ncy.log('**Action: Right click the Branched Asset that is in Draft.** ');\ncy.wait(_locators.default.wait);\ncy.get('.name.ng-scope').contains('Workflow').click({\n  force: true\n});\ncy.get('.statusName.workflowMenuItem').contains('Pending').click({\n  force: true\n});\ncy.wait(_locators.default.wait);\ncy.get(_locators.default.toastNotificationMessage).should('have.text', 'Workflow command \"Send for Approval\" completed.');\ncy.wait(_locators.default.wait);\ncy.get('div.asset.ng-scope:nth-child(7) div.assetRow.ng-scope div.assetLabel:nth-child(4) > a.assetLabelLink.ng-binding').trigger('contextmenu');\ncy.wait(_locators.default.wait);\ncy.get('.name.ng-scope').contains('Workflow').click({\n  force: true\n});\ncy.get('.statusName.workflowMenuItem').contains('Stage').click({\n  force: true\n});\ncy.wait(_locators.default.wait);\ncy.get(_locators.default.toastNotificationMessage).should('have.text', 'Workflow command \"Approve\" completed.'); // Right click the same asset and select Workflow-> Live.\ncy.log('**Action: Right click the same asset and select Workflow-> Live.**');\ncy.wait(_locators.default.wait);\ncy.get('div.asset.ng-scope:nth-child(7) div.assetRow.ng-scope div.assetLabel:nth-child(4) > a.assetLabelLink.ng-binding').trigger('contextmenu');\ncy.wait(_locators.default.wait);\ncy.get('.name.ng-scope').contains('Workflow').click({\n  force: true\n});\ncy.wait(_locators.default.wait);\ncy.get('.statusName.workflowMenuItem').contains('Live').click({\n  force: true\n});\ncy.wait(_locators.default.wait); // Select Workflow-> Live.\ncy.log('**Action: Select Workflow-> Live.**');\ncy.get(_locators.default.toastNotificationMessage).should('have.text', 'Workflow command \"Deploy to Live\" completed.');\ncy.wait(_locators.default.wait); // Verify and Delete the retired Branched Assret\ncy.get('a.assetLabelLink.ng-binding').contains(WisywigFileName).first().trigger('click');\ncy.get(':nth-child(6) > .assetRow > .status > .statusColor').should('have.attr', 'uib-tooltip', 'RETIRED');\ncy.wait(_locators.default.wait);\ncy.wait(_locators.default.wait); // Right click on the retired Branched Asset and select Delete.\ncy.log('**Action: Right click on the retired Branched Asset and select Delete.**');\ncy.get('body').type('{Del}', {\n  force: true\n});\ncy.wait(_locators.default.wait); // Select Delete.\ncy.log('**Action: Select Delete.**');\ncy.get('body > modal-base > modal-dialog > p-dialog > div > div.ui-dialog-content.ui-widget-content > div > p').should('have.text', 'Are you sure you want to delete \"Wisywig_Asset\"?');\ncy.get('button.btn.btn-danger.ng-star-inserted').contains('Delete').click();\ncy.wait(_locators.default.wait);\ncy.get(_locators.default.toastNotificationMessage).should('have.text', 'Successfully deleted \"Wisywig_Asset\".');\ncy.get('button.tabCloseButton').click(); // Cloning\n// Create a CLoned Asset.\ncy.log('**Action: Right click on the Wysiwyg and select Clone. **');\ncy.get('a.assetLabelLink.ng-binding').contains(WisywigFileName).first().trigger('click', {\n  force: true\n});\ncy.wait(_locators.default.wait);\ncy.get('body').type('{ctrl}{shift}L', {\n  force: true\n});\ncy.wait(_locators.default.wait); // Enter Clone Asset Build XXXXX in the text box and select Ok.\ncy.log('**Action: Enter Clone Asset Build XXXXX in the text box and select Ok. **');\ncy.get('p-header').should('have.text', 'Clone ');\ncy.get('#cloneInput').click();\ncy.get('#cloneInput').clear();\ncy.get('#cloneInput').type('Cloned Asset Build Test ' + randomNumber);\ncy.get('button.btn.btn-primary').contains('OK').click();\ncy.wait(_locators.default.wait);\ncy.get(_locators.default.toastNotificationMessage).should('have.text', 'Cloned asset \"' + WisywigFileName + '\".');\ncy.wait(_locators.default.shortWait); // Edit the cloned Asset and Change the image \ncy.log('**Action: Right click on the newly cloned asset an select Edit->Form.**');\ncy.get('a.assetLabelLink.ng-binding').contains('Cloned Asset Build Test').last().trigger('click');\ncy.get('body').type('{alt}{shift}E', {\n  force: true\n}); // Update image.\ncy.log('**Action: Update image.**');\nUtilityHelper.selectImageInImageComponent(SiteRootName, imageName, _locators.default.wait); // Change the text in WYSIWYG to display the  build.\ncy.log('**Change the text to display the  build.**');\nUtilityHelper.insertTextInWYSIWYGIframe('This is New WYSIWIG text' + randomNumber); // Select Save.\n// Add image inside the WYSIWYG component\ncy.get('.mce-ico.mce-i-image').click();\ncy.get('.mce-title').should('have.text', 'Insert/edit image');\ncy.get('.mce-ico.mce-i-browse').click();\ncy.wait(_locators.default.wait);\ncy.get('.ng-scope.ng-isolate-scope > .tree > .assetList > :nth-child(1) > .assetRow > .assetLabel > .assetLabelLink').trigger('dblclick'); //cy.get('asset-browser.ng-star-inserted > .tree > .assetList > [style=\"\"] > .assetRow > .assetLabel > .assetLabelLink').trigger('dblclick');\ncy.wait(_locators.default.wait);\ncy.get('.ng-scope.ng-isolate-scope > .tree > .assetList > :nth-child(2) > .assetRow > .assetLabel > .assetLabelLink').trigger('dblclick'); // cy.get('asset-browser.ng-star-inserted > .tree > .assetList > :nth-child(2) > .assetRow > .assetLabel > .assetLabelLink').trigger('dblclick');\ncy.wait(_locators.default.wait);\ncy.get('.ng-scope.ng-isolate-scope > .tree > .assetList > :nth-child(5) > .assetRow > .assetLabel > .assetLabelLink').trigger('dblclick');\ncy.wait(_locators.default.wait);\ncy.get('button > span').contains('Ok').click();\ncy.wait(_locators.default.wait); // Select Save.\ncy.log('**Action: Select Save.**');\ncy.get('#contentModuleSave').click();\ncy.wait(_locators.default.wait);\ncy.get(_locators.default.toastNotificationMessage).should('have.text', 'Saving asset completed successfully'); // GO to preview\ncy.log('**Action: Select Preview**');\ncy.get('#contentModulePreview').click(); // Set the Aset in draft to Stage and then to Live\ncy.log('**Action: Right click the Cloned Asset that is in Draft and click Pending. **');\ncy.wait(_locators.default.wait);\ncy.get('a.assetLabelLink.ng-binding').contains('Cloned Asset Build Test').last().trigger('contextmenu', {\n  force: true\n});\ncy.get('.name.ng-scope').contains('Workflow').click({\n  force: true\n});\ncy.get('.statusName.workflowMenuItem').contains('Pending').click({\n  force: true\n});\ncy.wait(_locators.default.wait);\ncy.get(_locators.default.toastNotificationMessage).should('have.text', 'Workflow command \"Send for Approval\" completed.'); // Right click the Branched Asset that is in Draft.\ncy.log('**Action: Right click the Branched Asset that is in Draft. **');\ncy.wait(_locators.default.wait);\ncy.get('a.assetLabelLink.ng-binding').contains('Cloned Asset Build Test').last().trigger('contextmenu', {\n  force: true\n});\ncy.get('.name.ng-scope').contains('Workflow').click({\n  force: true\n});\ncy.get('.statusName.workflowMenuItem').contains('Stage').click({\n  force: true\n});\ncy.wait(_locators.default.wait);\ncy.get(_locators.default.toastNotificationMessage).should('have.text', 'Workflow command \"Approve\" completed.'); // Right click the same asset and select Workflow-> Live.\ncy.log('**Action: Right click the same asset and select Workflow-> Live.**');\ncy.wait(_locators.default.wait);\ncy.get('a.assetLabelLink.ng-binding').contains('Cloned Asset Build Test').last().trigger('contextmenu', {\n  force: true\n});\ncy.get('.name.ng-scope').contains('Workflow').click({\n  force: true\n});\ncy.wait(_locators.default.wait);\ncy.get('.statusName.workflowMenuItem').contains('Live').click({\n  force: true\n}); // Select Workflow-> Live.\ncy.log('**Action: Select Workflow-> Live.**');\ncy.get(_locators.default.toastNotificationMessage).should('have.text', 'Workflow command \"Deploy to Live\" completed.'); // Close the Asset\ncy.log('**Action: CLose the Asset.**');\ncy.get('button.tabCloseButton').click();\ncy.wait(_locators.default.wait); //Delete the Asset\ncy.log('**Action: Right click on the retired Branched Asset and select Delete.**');\ncy.get('body').type('{Del}', {\n  force: true\n});\ncy.wait(_locators.default.wait); // Select Delete\ncy.log('**Action: Select Delete.**');\ncy.get('body > modal-base > modal-dialog > p-dialog > div > div.ui-dialog-content.ui-widget-content > div > p').should('have.text', 'Are you sure you want to delete \"Cloned Asset Build Test ' + randomNumber + '\"?');\ncy.get('button.btn.btn-danger.ng-star-inserted').contains('Delete').click();\ncy.get(_locators.default.toastNotificationMessage).should('have.text', 'Successfully deleted \"Cloned Asset Build Test ' + randomNumber + '\".');",
            "err": {},
            "isRoot": false,
            "uuid": "34786f63-8f2c-40a9-adc0-b95ff8a6e515",
            "isHook": false,
            "skipped": false
          }
        ],
        "suites": [],
        "passes": [
          "34786f63-8f2c-40a9-adc0-b95ff8a6e515"
        ],
        "failures": [],
        "pending": [],
        "skipped": [],
        "duration": 580707,
        "root": false,
        "rootEmpty": false,
        "_timeout": 2000
      }
    ],
    "passes": [],
    "failures": [],
    "pending": [],
    "skipped": [],
    "duration": 0,
    "root": true,
    "rootEmpty": true,
    "_timeout": 2000
  },
  "copyrightYear": 2019
}