{
  "stats": {
    "suites": 1,
    "tests": 1,
    "passes": 0,
    "pending": 0,
    "failures": 1,
    "start": "2019-05-10T20:10:48.265Z",
    "end": "2019-05-10T20:13:32.690Z",
    "duration": 164425,
    "testsRegistered": 1,
    "passPercent": 0,
    "pendingPercent": 0,
    "other": 0,
    "hasOther": false,
    "skipped": 0,
    "hasSkipped": false,
    "passPercentClass": "danger",
    "pendingPercentClass": "danger"
  },
  "suites": {
    "uuid": "ee9a658a-acb8-437d-84ea-26547ff8db04",
    "title": "",
    "fullFile": "",
    "file": "",
    "beforeHooks": [],
    "afterHooks": [],
    "tests": [],
    "suites": [
      {
        "uuid": "48cc2336-ba98-4113-bfed-ec0dd1eade56",
        "title": "Site root should ",
        "fullFile": "",
        "file": "",
        "beforeHooks": [],
        "afterHooks": [],
        "tests": [
          {
            "title": "Site root option: To verify user able to view site root option",
            "fullTitle": "Site root should  Site root option: To verify user able to view site root option",
            "duration": 161400,
            "state": "failed",
            "pass": false,
            "fail": true,
            "pending": false,
            "code": "cy.wait(_locators.default.shortWait); // *User click on content module from left hand side menu >> Goto File>> New>> Click on Site root\ncy.log('**User click on content module from left hand side menu >> Goto File>> New>> Click on Site root**');\ncy.get('div[title=\\'Content\\']').click();\ncy.wait(_locators.default.mediumWait);\nMenuPageObject.clickMenuItem(menuItem);\ncy.wait(_locators.default.wait);\nMenuPageObject.clickSubMenuItem(menuItem, subMenuItem);\ncy.wait(_locators.default.wait); // MenuPageObject.clickMenuItem(menuItem);\n// cy.wait(Constants.shortWait)\n// MenuPageObject.clickSubMenuItem(menuItem, subMenuItem);\n// cy.wait(Constants.shortWait)\nUtilityHelper.createSiteRoot(siteRootName); // cy.get('#topbarPublishingMenuToggle').click();\n// cy.wait(Constants.longWait)\n// cy.get('.publishingDropdown').should('be.visible');\n// cy.get('.publishingactivity > .cpDropdown > .header > .name').should('have.text', 'Activity Monitor Quickview');\n// cy.get(Constants.modelOptionInSubMenu_lnk).contains('Long Running Tasks').trigger('scroll');\n// cy.wait(Constants.wait)\n// cy.get('.taskName.ng-binding').contains('RebuildCLSite').should('be.visible');\n// cy.get('.taskName.ng-binding').contains('RebuildCLSite').prev().should('have.attr', 'class', 'statusColor session-success');\n// cy.get('.taskName.ng-binding').contains('FinishAddCL').should('be.visible');\n// cy.wait(Constants.wait);\n// cy.get('.taskName.ng-binding').contains('FinishAddCL').prev().should('have.attr', 'class', 'statusColor session-success');\n// cy.get('.taskName.ng-binding').contains('AddCL').should('be.visible');\n// //.wait(Constants.shortWait);\n// cy.get('.taskName.ng-binding').contains('AddCL').prev().should('have.attr', 'class', 'statusColor session-success');\n// Once the RebuildCLSite long running task is complete close the Activity Monitor by clicking anywhere.\ncy.log('**Once the RebuildCLSite long running task is complete close the Activity Monitor by clicking anywhere.**');\ncy.get('#panelContainerDrag-file-panel-widget').click();\ncy.get('.publishingDropdown').should('not.be.visible'); // });\n// Action: Select Publishing Smoke Tests folder.  If not on the first page continue on to second or third page to find folder\ncy.log('**Action: Select Publishing Smoke Tests folder.  If not on the first page continue on to second or third page to find folder.**'); // Click on filter  and search for Publishing Smoke tests folder\nUtilityHelper.searchSiteRoot(siteRootName, _locators.default.wait);\ncy.get(_locators.default.siteRootAssetsName_lnk).contains(siteRootName).should('be.visible');\ncy.wait(2000);\ncy.get(_locators.default.siteRootAssetsName_lnk).contains(siteRootName).trigger('dblclick');\ncy.wait(3000); // The folder should open and display _Assets, _Site Confi, Component Project folders and a Demo Page and Page assets.\ncy.log('The folder should open and display _Assets, _Site Confi, Component Project folders and a Demo Page and Page assets.');\ncy.get(_locators.default.siteRootAssetsName_lnk).contains('_Assets').should('be.visible');\ncy.get(_locators.default.siteRootAssetsName_lnk).contains('_Site Config').should('be.visible');\ncy.get(_locators.default.siteRootAssetsName_lnk).contains('Component Project').should('be.visible');\ncy.get(_locators.default.siteRootAssetsName_lnk).contains('Demo Page').should('be.visible');\ncy.get(_locators.default.siteRootAssetsName_lnk).contains('Page').should('be.visible'); // })\n// it('Folder structure of Component Project Folder: To verify user able to view Component Project folder', () => {\ncy.log('**Action: Double click on Component folder**'); // Click on filter  and search for Publishing Smoke tests folder\ncy.get(_locators.default.siteRootAssetsName_lnk).contains('Component Project').should('be.visible');\ncy.get(_locators.default.siteRootAssetsName_lnk).contains('Component Project').trigger('dblclick');\ncy.wait(_locators.default.wait);\ncy.log('**Component Project folder should open and display: Component Library, Filenames, Library, Models, Templates, Workflows folders.**');\ncy.get(_locators.default.siteRootAssetsName_lnk).contains('Component Library').should('be.visible');\ncy.get(_locators.default.siteRootAssetsName_lnk).contains('Filenames').should('be.visible');\ncy.get(_locators.default.siteRootAssetsName_lnk).contains('Library').should('be.visible');\ncy.get(_locators.default.siteRootAssetsName_lnk).contains('Models').should('be.visible');\ncy.get(_locators.default.siteRootAssetsName_lnk).contains('Templates').should('be.visible');\ncy.get(_locators.default.siteRootAssetsName_lnk).contains('Workflows').should('be.visible'); // Action: Double click on Templates folder\ncy.log('**Action: Double click on Templates folder**'); // Click on filter  and search for Publishing Smoke tests folder\ncy.get(_locators.default.siteRootAssetsName_lnk).contains('Templates').should('be.visible');\ncy.get(_locators.default.siteRootAssetsName_lnk).contains('Templates').trigger('dblclick');\ncy.wait(_locators.default.mediumWait);\ncy.log('**Templates folder should open with various folders.**');\ncy.get(_locators.default.siteRootAssetsName_lnk).contains('Component Framework').should('be.visible');\ncy.get(_locators.default.siteRootAssetsName_lnk).contains('Summer of Fun v3 No Footer Template').should('be.visible');\ncy.get(_locators.default.siteRootAssetsName_lnk).contains('Summer of Fun v3 Template').should('be.visible');\ncy.get(_locators.default.siteRootAssetsName_lnk).contains('Summer of Fun v3 Template - Modified').should('be.visible');\ncy.get(_locators.default.siteRootAssetsName_lnk).contains('Summer of Fun v3 Template - Zones').should('be.visible');\ncy.get(_locators.default.siteRootAssetsName_lnk).contains('Summer of Fun Wrapper').should('be.visible');\ncy.get(_locators.default.siteRootAssetsName_lnk).contains('Summer of Fun Wrapper No Footer').should('be.visible');\ncy.get(_locators.default.siteRootAssetsName_lnk).contains('wysiwyg image test template').should('be.visible'); // Create new Template prompt: To verify user able to view new template\ncy.log('**Goto File >>New >> click on Template**');\nMenuPageObject.clickMenuItem(menuItem);\nMenuPageObject.clickSubMenuItem(menuItem, subMenuItem);\ncy.get(_locators.default.modelOptionInSubMenu_lnk).contains('Template').trigger('mousemove').trigger('click');\ncy.log('**The Create Template prompt should come up.**');\ncy.get('p-header').should('have.text', 'Create Template ');\ncy.log('**Enter a new template name in text box**');\ncy.log('**Click on create**');\ncy.get('.control-label').should('have.text', 'Enter a new template name');\ncy.get('#projectInput').should('be.visible').trigger('click'); // Text should be in the text box\ncy.log('**Text should be in the text box.**');\ncy.get('#projectInput').type(templateFolderName); // cy.get('.btn-primary').click({force:true});\ncy.get('.ui-dialog-footer').should('be.visible').children('p-footer').children('button').last().click({\n  force: true\n});\ncy.wait(_locators.default.wait);\ncy.get(_locators.default.toastNotificationMessage).should('have.text', 'Created ' + templateFolderName + '.');\ncy.wait(_locators.default.wait);\ncy.log('**Action: Double click on newly created Template folder**'); // Click on filter  and search for Publishing Smoke tests folder\ncy.get(_locators.default.siteRootAssetsName_lnk).contains(templateFolderName).should('be.visible');\ncy.get(_locators.default.siteRootAssetsName_lnk).contains(templateFolderName).trigger('dblclick');\ncy.wait(_locators.default.wait);\ncy.log('**input.aspx and output.aspx folder should be present.**');\ncy.get(_locators.default.siteRootAssetsName_lnk).contains('input.aspx').should('be.visible');\ncy.get(_locators.default.siteRootAssetsName_lnk).contains('output.aspx').should('be.visible');\ncy.log(\"Action: Double click on input.aspx file**\");\ncy.get(_locators.default.siteRootAssetsName_lnk).contains('input.aspx').trigger('dblclick');\ncy.log(\"**Input.aspx should open.**\");\ncy.wait(_locators.default.wait);\ncy.get('.background > .ng-binding').should('have.text', 'input.aspx');\ncy.wait(_locators.default.shortWait); //Insert code in input.aspx\ncy.log(\"**Open Input.aspx and insert drag and drop code **\"); // cy.get(':nth-child(5) > .CodeMirror-line > [role=\"presentation\"]').click().then($codeText => {\n//     $codeText.text('<%');\n//     $codeText.text(InputchangeExisting);\n// });\n// cy.get(':nth-child(9) > .CodeMirror-line > [role=\"presentation\"] > .cm-comment').click().then($codeText => {\n//     $codeText.text('<%');\n//     $codeText.text(inputcodeHeader)\n// });\ncy.get(':nth-child(1) > .CodeMirror-line').then(function ($Remove) {\n  //$changeComponentLibrary.text('')\n  $Remove.empty();\n});\ncy.get(':nth-child(2) > .CodeMirror-line').then(function ($Remove) {\n  //$changeComponentLibrary.text('')\n  $Remove.empty();\n});\ncy.get(':nth-child(3) > .CodeMirror-line').then(function ($Remove) {\n  //$changeComponentLibrary.text('')\n  $Remove.empty();\n});\ncy.get(':nth-child(4) > .CodeMirror-line').then(function ($Remove) {\n  //$changeComponentLibrary.text('')\n  $Remove.empty();\n});\ncy.get(':nth-child(5) > .CodeMirror-line').then(function ($Remove) {\n  //$changeComponentLibrary.text('')\n  $Remove.empty();\n});\ncy.get(':nth-child(6) > .CodeMirror-line').then(function ($Remove) {\n  //$changeComponentLibrary.text('')\n  $Remove.empty();\n});\ncy.get(':nth-child(7) > .CodeMirror-line').then(function ($Remove) {\n  //$changeComponentLibrary.text('')\n  $Remove.empty();\n});\ncy.get(':nth-child(8) > .CodeMirror-line').then(function ($Remove) {\n  //$changeComponentLibrary.text('')\n  $Remove.empty();\n});\ncy.get(':nth-child(9) > .CodeMirror-line').then(function ($Remove) {\n  //$changeComponentLibrary.text('')\n  $Remove.empty();\n});\ncy.get(':nth-child(10) > .CodeMirror-line').then(function ($Remove) {\n  //$changeComponentLibrary.text('')\n  $Remove.empty();\n});\ncy.get(':nth-child(11) > .CodeMirror-line').then(function ($Remove) {\n  //$changeComponentLibrary.text('')\n  $Remove.empty();\n}); //Save Input.aspx and validate the toast message    \ncy.log(\"**Validate Input.aspx Toast Message **\"); //cy.get('#contentModuleSave').click();\n// cy.get(Constants.toastNotificationMessage).should('have.text', 'Saved asset(s)');\ncy.location().then(function (loc) {\n  cy.log(loc.hash.substr(length - 6));\n  var assetId = loc.hash.substr(length - 6);\n  cy.request({\n    method: 'POST',\n    url: 'cpt_webservice/AccessAPI/asset/updatepluginbody/',\n    headers: {\n      \"Accept\": acceptHeader,\n      \"x-api-key\": apiKeyRC,\n      \"Content-Type\": contentTypeHeader,\n      \"Origin\": originHeader\n    },\n    body: {\n      \"assetId\": assetId,\n      \"body\": \"<%@ Page Language=\\\"C#\\\" Inherits=\\\"CrownPeak.Internal.Debug.InputInit\\\" %>\\r\\n<%@ Import Namespace=\\\"CrownPeak.CMSAPI\\\" %>\\r\\n<%@ Import Namespace=\\\"CrownPeak.CMSAPI.Services\\\" %>\\r\\n<!--DO NOT MODIFY CODE ABOVE THIS LINE-->\\r\\n<%@ Import Namespace=\\\"\\\"Component_Library.Component_Project.Components\\\" %>\\r\\n<% //MODIFY or ADD Import Statements to Define Namespaces Used by the Template %>\\r\\n<%//This plugin uses InputContext as its context class type%>\\r\\n<%\\r\\nInput.ShowDragDrop(\\\"Header Drag Drop Zone\\\", \\\"header\\\");\\r\\nInput.ShowDragDrop(\\\"Main Drag Drop Zone\\\", \\\"main\\\");\\r\\nInput.ShowDragDrop(\\\"Footer Drag Drop Zone\\\", \\\"footer\\\");\\r\\n// input.aspx: template file to specify content entry input form\\r\\n%>\\r\\n\",\n      \"requestCodeAnalysis\": false\n    }\n  });\n}); //Save Input.aspx and validate the toast message    \ncy.log(\"**Validate Input.aspx Toast Message **\"); //cy.get('#contentModuleSave').click();\n// cy.get(Constants.toastNotificationMessage).should('have.text', 'Compilation Succeeded');\n//cy.get(Constants.toastNotificationMessage).should('have.text', 'Saved asset(s)');\n//Close Input.aspx\ncy.log(\"**Close Input.aspx File **\");\ncy.get('button.tabCloseButton').click({\n  force: true\n}); //Double click and open Output.aspx\ncy.log(\"Action: Double click on output.aspx file**\");\ncy.get(_locators.default.siteRootAssetsName_lnk).contains('output.aspx').trigger('dblclick'); // Open Output.aspx file\ncy.log(\"**Output.aspx should open.**\");\ncy.wait(_locators.default.wait);\ncy.get('.background > .ng-binding').should('have.text', 'output.aspx');\ncy.wait(_locators.default.shortWait); //Insert code in Output.aspx\ncy.log(\"**Open Output.aspx and insert drag and drop code **\"); // cy.get(':nth-child(5) > .CodeMirror-line > [role=\"presentation\"]').click().then($codeText => {\n//     $codeText.text('<%');\n//     $codeText.text(OutputChangeExisting);\n// });\n// cy.get(':nth-child(9) > .CodeMirror-line > [role=\"presentation\"] > .cm-comment').click().then($codeText => {\n//     $codeText.text('<%');\n//     $codeText.text(Outputcode)\n// });\ncy.get(':nth-child(1) > .CodeMirror-line').then(function ($Remove) {\n  //$changeComponentLibrary.text('')\n  $Remove.empty();\n});\ncy.get(':nth-child(2) > .CodeMirror-line').then(function ($Remove) {\n  //$changeComponentLibrary.text('')\n  $Remove.empty();\n});\ncy.get(':nth-child(3) > .CodeMirror-line').then(function ($Remove) {\n  //$changeComponentLibrary.text('')\n  $Remove.empty();\n});\ncy.get(':nth-child(4) > .CodeMirror-line').then(function ($Remove) {\n  //$changeComponentLibrary.text('')\n  $Remove.empty();\n});\ncy.get(':nth-child(5) > .CodeMirror-line').then(function ($Remove) {\n  //$changeComponentLibrary.text('')\n  $Remove.empty();\n});\ncy.get(':nth-child(6) > .CodeMirror-line').then(function ($Remove) {\n  //$changeComponentLibrary.text('')\n  $Remove.empty();\n});\ncy.get(':nth-child(7) > .CodeMirror-line').then(function ($Remove) {\n  //$changeComponentLibrary.text('')\n  $Remove.empty();\n});\ncy.get(':nth-child(8) > .CodeMirror-line').then(function ($Remove) {\n  //$changeComponentLibrary.text('')\n  $Remove.empty();\n});\ncy.get(':nth-child(9) > .CodeMirror-line').then(function ($Remove) {\n  //$changeComponentLibrary.text('')\n  $Remove.empty();\n});\ncy.get(':nth-child(10) > .CodeMirror-line').then(function ($Remove) {\n  //$changeComponentLibrary.text('')\n  $Remove.empty();\n});\ncy.get(':nth-child(11) > .CodeMirror-line').then(function ($Remove) {\n  //$changeComponentLibrary.text('')\n  $Remove.empty();\n});\ncy.location().then(function (loc) {\n  cy.log(loc.hash.substr(length - 6));\n  var assetId = loc.hash.substr(length - 6);\n  cy.request({\n    method: 'POST',\n    url: 'cpt_webservice/AccessAPI/asset/updatepluginbody/',\n    headers: {\n      \"Accept\": acceptHeader,\n      \"x-api-key\": apiKeyRC,\n      \"Content-Type\": contentTypeHeader,\n      \"Origin\": originHeader\n    },\n    body: {\n      \"assetId\": assetId,\n      \"body\": \"<%@ Page Language=\\\"C#\\\" Inherits=\\\"CrownPeak.Internal.Debug.OutputInit\\\" %>\\r\\n<%@ Import Namespace=\\\"CrownPeak.CMSAPI\\\" %>\\r\\n<%@ Import Namespace=\\\"CrownPeak.CMSAPI.Services\\\" %>\\r\\n<!--DO NOT MODIFY CODE ABOVE THIS LINE-->\\r\\n<%@ Import Namespace=\\\"\\\"Component_Library.Component_Project.Components\\\" %>\\r\\n<% //MODIFY or ADD Import Statements to Define Namespaces Used by the Template %>\\r\\n<%//This plugin uses OutputContext as its context class type%>\\r\\n<% \\r\\n   // output.aspx: template file to specify the published content in site HTML\\r\\n   // if no preview.aspx exists, then this is used by default for preview\\r\\n %>\\r\\n<% Out.ShowDragDrop(\\\"header\\\"); %>\\r\\n<% Out.ShowDragDrop(\\\"main\\\"); %>\\r\\n<% Out.ShowDragDrop(\\\"footer\\\"); %>\\r\\n\",\n      \"requestCodeAnalysis\": false\n    }\n  });\n}); //Save Output.aspx and validate the toast message    \ncy.log(\"**Validate Output.aspx Toast Message **\"); // cy.get('#contentModuleSave').click();\n// cy.get(Constants.toastNotificationMessage).should('have.text', 'Compilation Succeeded');\n//need to check toast message****\n//Close Output.aspx\ncy.log(\"**Close Output.aspx File **\");\ncy.get('button.tabCloseButton').click({\n  force: true\n}); // Back to site root folder\ncy.log(\"**Validate or go back to site Root folder **\");\ncy.get('div[title=\\'Content\\']').click(); //Search for created site root\nUtilityHelper.searchSiteRoot(siteRootName, _locators.default.wait);\ncy.get(_locators.default.siteRootAssetsName_lnk).contains(siteRootName).should('be.visible');\ncy.wait(_locators.default.wait);\ncy.get(_locators.default.siteRootAssetsName_lnk).contains(siteRootName).trigger('dblclick');\ncy.wait(_locators.default.wait); //Double click on Component folder\ncy.log('**Action: Double click on Component folder**');\ncy.get(_locators.default.siteRootAssetsName_lnk).contains('Component Project').should('be.visible');\ncy.get(_locators.default.siteRootAssetsName_lnk).contains('Component Project').trigger('dblclick'); //click on double click on templates folder\ncy.log('**Action: Double click on Templates folder**');\ncy.wait(_locators.default.wait);\ncy.get(_locators.default.siteRootAssetsName_lnk).contains('Templates').should('be.visible');\ncy.get(_locators.default.siteRootAssetsName_lnk).contains('Templates').trigger('dblclick'); //Click on double down arrows and select the Site Root folder\ncy.log('**Click on double down arrows and select the  Site Root folder**');\ncy.get('.crumbsDropdownToggleButton').click({\n  force: true\n});\ncy.get('span.ng-binding').contains(siteRootName).click({\n  force: true\n}); //click on root folder\ncy.get('div.root.inside').click({\n  force: true\n}); //Navigate to site root project again          \nUtilityHelper.searchSiteRoot(siteRootName, _locators.default.wait);\ncy.get(_locators.default.siteRootAssetsName_lnk).contains(siteRootName).should('be.visible');\ncy.wait(_locators.default.wait);\ncy.get(_locators.default.siteRootAssetsName_lnk).contains(siteRootName).trigger('dblclick');\ncy.wait(_locators.default.wait); // Verify the display of varios files\n//********\ncy.log('**Verify the display of various files**');\ncy.get('.crumbsLink.ng-binding').contains(siteRootName).should('be.visible');\ncy.get(_locators.default.siteRootAssetsName_lnk).contains('_Assets').should('be.visible');\ncy.get(_locators.default.siteRootAssetsName_lnk).contains('_Site Config').should('be.visible');\ncy.get(_locators.default.siteRootAssetsName_lnk).contains('Component Project').should('be.visible');\ncy.get(_locators.default.siteRootAssetsName_lnk).contains('Demo Page').should('be.visible');\ncy.get(_locators.default.siteRootAssetsName_lnk).contains('Page').should('be.visible'); //Prompt to create Template Wrong Test case\ncy.log(\"**Prompt to create Template**\"); // Back to site root folder\ncy.log(\"**Validate or go back to site Root folder **\");\ncy.get('div[title=\\'Content\\']').click(); //Navigate to site root project again          \ncy.log(\"**Searched for Site root **\");\nUtilityHelper.searchSiteRoot(siteRootName, _locators.default.wait);\ncy.get(_locators.default.siteRootAssetsName_lnk).contains(siteRootName).should('be.visible');\ncy.wait(_locators.default.wait);\ncy.get(_locators.default.siteRootAssetsName_lnk).contains(siteRootName).trigger('dblclick');\ncy.wait(_locators.default.wait); //Double click on Component folder\ncy.log('**Action: Double click on Component folder**');\ncy.get(_locators.default.siteRootAssetsName_lnk).contains('Component Project').should('be.visible');\ncy.get(_locators.default.siteRootAssetsName_lnk).contains('Component Project').trigger('dblclick'); //click on double click on templates folder\ncy.log('**Action: Double click on Templates folder**');\ncy.wait(_locators.default.wait);\ncy.get(_locators.default.siteRootAssetsName_lnk).contains('Templates').should('be.visible');\ncy.get(_locators.default.siteRootAssetsName_lnk).contains('Templates').trigger('dblclick');\ncy.wait(_locators.default.wait); // click on file->New and check \nMenuPageObject.clickMenuItem(menuItem);\nMenuPageObject.clickSubMenuItem(menuItem, subMenuItem);\ncy.get(_locators.default.modelOptionInSubMenu_lnk).contains('Template').trigger('mousemove').trigger('click'); // Validate create template pop-up opens\ncy.log('**Check Template Pop-up open up**');\ncy.get('div[role=dialog]', {\n  timeout: _locators.default.wait\n}).should('be.visible');\ncy.get('p-header').should('contain', 'Create Template');\ncy.get('.btn-default').click(); //Validate File Name\n// Back to site root folder\ncy.log(\"**Validate or go back to site Root folder **\");\ncy.get('div[title=\\'Content\\']').click(); //Navigate to site root project again          \ncy.log(\"**Searched for Site root **\");\nUtilityHelper.searchSiteRoot(siteRootName, _locators.default.wait);\ncy.wait(_locators.default.wait);\ncy.get(_locators.default.siteRootAssetsName_lnk).contains(siteRootName).should('be.visible');\ncy.wait(_locators.default.wait);\ncy.get(_locators.default.siteRootAssetsName_lnk).contains(siteRootName).trigger('dblclick');\ncy.wait(_locators.default.wait); //  //Create new Asset\ncy.log(\"**Create New Assets**\");\nMenuPageObject.clickMenuItem(menuItem);\nMenuPageObject.clickSubMenuItem(menuItem, subMenuItem);\ncy.get(_locators.default.modelOptionInSubMenu_lnk).contains('File').trigger('mousemove').trigger('click'); //Verify the Prompt Header\ncy.log(\"**Verify the Header of Prompt **\");\ncy.get('p-header').should('contain', 'Create New'); //input the new File name in input box and verify the file path\ncy.log(\"**Input the File Name or Asset Name and verify the path **\");\ncy.get('#label').type(FileName);\ncy.get('.new-file-name-input > span').should('have.text', 'Path: /' + siteRootName + ''); //click on Browse button and select the Created Template\ncy.log(\"**Click on Browse button To select Template**\");\ncy.get('button.btn.btn-primary:contains(\\'Browse\\')').trigger('click');\ncy.wait(_locators.default.wait);\ncy.log(\"**Select The created Template and verify the path**\");\ncy.get('asset-browser.ng-star-inserted > .head > .assetRow > .assetLabel > .assetLabelLink').click();\ncy.get('a.assetLabelLink.ng-binding').contains(templateFolderName).click({\n  force: true\n});\ncy.get('button').contains('OK').click();\ncy.get('span.new-file-template-path').should('have.text', 'Path: /' + siteRootName + '/Component Project/Templates/' + templateFolderName + ''); //select the workflow and click on Create button\ncy.log(\"**Click on Create button to create new Asset **\");\ncy.get('select').select('Basic Workflow');\ncy.wait(_locators.default.wait);\ncy.get('button.btn.btn-primary').contains('Create').click();\ncy.wait(_locators.default.wait); // Validate Success Message\ncy.log(\"**Validate Success Message **\");\ncy.get(_locators.default.toastNotificationMessage).should('have.text', 'Created asset ' + FileName + '.'); // Root icon\n// Back to site root folder\ncy.log(\"**Validate or go back to site Root folder **\");\ncy.get('div[title=\\'Content\\']').click(); // cy.get('div.root.inside').click({ force: true })\n//Navigate to site root project again and search for the created site root         \ncy.log(\"**Searched for Site root **\");\nUtilityHelper.searchSiteRoot(siteRootName, _locators.default.wait);\ncy.wait(_locators.default.wait);\ncy.get(_locators.default.siteRootAssetsName_lnk).contains(siteRootName).should('be.visible');\ncy.wait(_locators.default.wait);\ncy.get(_locators.default.siteRootAssetsName_lnk).contains(siteRootName).trigger('dblclick', {\n  force: true\n});\ncy.wait(_locators.default.wait); //Navigate to Site root\n// it('Folder structure of Component Project Folder: To verify user able to view Component Project folder', () => {\ncy.log('**Action: Double click on Component folder**'); // Click on filter  and search for Publishing Smoke tests folder\ncy.get(_locators.default.siteRootAssetsName_lnk).contains('Component Project').should('be.visible');\ncy.get(_locators.default.siteRootAssetsName_lnk).contains('Component Project').trigger('dblclick');\ncy.wait(_locators.default.wait);\ncy.log('**Component Project folder should open and display: Component Library, Filenames, Library, Models, Templates, Workflows folders.**');\ncy.get(_locators.default.siteRootAssetsName_lnk).contains('Component Library').should('be.visible');\ncy.get(_locators.default.siteRootAssetsName_lnk).contains('Filenames').should('be.visible');\ncy.get(_locators.default.siteRootAssetsName_lnk).contains('Library').should('be.visible');\ncy.get(_locators.default.siteRootAssetsName_lnk).contains('Models').should('be.visible');\ncy.get(_locators.default.siteRootAssetsName_lnk).contains('Templates').should('be.visible');\ncy.get(_locators.default.siteRootAssetsName_lnk).contains('Workflows').should('be.visible'); // Action: Double click on Templates folder\ncy.log('**Action: Double click on Templates folder**'); // Click on filter  and search for Publishing Smoke tests folder\ncy.get(_locators.default.siteRootAssetsName_lnk).contains('Templates').should('be.visible');\ncy.get(_locators.default.siteRootAssetsName_lnk).contains('Templates').trigger('dblclick');\ncy.wait(_locators.default.mediumWait);\ncy.log('**Templates folder should open with various folders.**');\ncy.get(_locators.default.siteRootAssetsName_lnk).contains('Component Framework').should('be.visible');\ncy.get(_locators.default.siteRootAssetsName_lnk).contains('Summer of Fun v3 No Footer Template').should('be.visible');\ncy.get(_locators.default.siteRootAssetsName_lnk).contains('Summer of Fun v3 Template').should('be.visible');\ncy.get(_locators.default.siteRootAssetsName_lnk).contains('Summer of Fun v3 Template - Modified').should('be.visible');\ncy.get(_locators.default.siteRootAssetsName_lnk).contains('Summer of Fun v3 Template - Zones').should('be.visible');\ncy.get(_locators.default.siteRootAssetsName_lnk).contains('Summer of Fun Wrapper').should('be.visible');\ncy.get(_locators.default.siteRootAssetsName_lnk).contains('Summer of Fun Wrapper No Footer').should('be.visible');\ncy.get(_locators.default.siteRootAssetsName_lnk).contains('wysiwyg image test template').should('be.visible'); // Open the created template\ncy.get(_locators.default.siteRootAssetsName_lnk).contains(templateFolderName).should('be.visible');\ncy.get(_locators.default.siteRootAssetsName_lnk).contains(templateFolderName).trigger('click'); //\n// Back to site root folder\ncy.log(\"**Validate or go back to site Root folder **\");\ncy.get('div[title=\\'Content\\']').click(); // cy.get('div.root.inside').click({ force: true })\n//Navigate to site root project again and search for the created site root         \ncy.log(\"**Searched for Site root **\");\nUtilityHelper.searchSiteRoot(siteRootName, _locators.default.wait);\ncy.wait(_locators.default.wait);\ncy.get(_locators.default.siteRootAssetsName_lnk).contains(siteRootName).should('be.visible');\ncy.wait(_locators.default.wait);\ncy.get(_locators.default.siteRootAssetsName_lnk).contains(siteRootName).trigger('dblclick', {\n  force: true\n});\ncy.wait(_locators.default.wait); // Double click on the Created Asset\ncy.wait(_locators.default.wait);\ncy.get(_locators.default.siteRootAssetsName_lnk).contains(FileName).should('be.visible');\ncy.wait(_locators.default.wait);\ncy.get(_locators.default.siteRootAssetsName_lnk).contains(FileName).trigger('dblclick', {\n  force: true\n});\ncy.wait(_locators.default.wait); // Goto View click on Content Blocks\nMenuPageObject.clickMenuItem(\"View\");\nUtilityHelper.toggleViewSubMenuItem(\"View\", \"Content Blocks\", _locators.default.dockablePanelContentBlock_tab);\ncy.get('#contentModuleInline').click({\n  force: true\n});\ncy.wait(_locators.default.shortWait); // UtilityHelper.verifyDockablepanelPresence('Content Blocks');",
            "err": {
              "message": "CypressError: Timed out retrying: Expected to find element: ':nth-child(2) > .CodeMirror-line', but never found it.",
              "estack": "CypressError: Timed out retrying: Expected to find element: ':nth-child(2) > .CodeMirror-line', but never found it.\n    at Object.cypressErr (https://rc.crownpeak.com/__cypress/runner/cypress_runner.js:82944:11)\n    at Object.throwErr (https://rc.crownpeak.com/__cypress/runner/cypress_runner.js:82909:18)\n    at Object.throwErrByPath (https://rc.crownpeak.com/__cypress/runner/cypress_runner.js:82936:17)\n    at retry (https://rc.crownpeak.com/__cypress/runner/cypress_runner.js:76454:16)\n    at https://rc.crownpeak.com/__cypress/runner/cypress_runner.js:68529:18\n    at tryCatcher (https://rc.crownpeak.com/__cypress/runner/cypress_runner.js:131381:23)\n    at Promise._settlePromiseFromHandler (https://rc.crownpeak.com/__cypress/runner/cypress_runner.js:129399:31)\n    at Promise._settlePromise (https://rc.crownpeak.com/__cypress/runner/cypress_runner.js:129456:18)\n    at Promise._settlePromise0 (https://rc.crownpeak.com/__cypress/runner/cypress_runner.js:129501:10)\n    at Promise._settlePromises (https://rc.crownpeak.com/__cypress/runner/cypress_runner.js:129576:18)\n    at Async._drainQueue (https://rc.crownpeak.com/__cypress/runner/cypress_runner.js:126305:16)\n    at Async._drainQueues (https://rc.crownpeak.com/__cypress/runner/cypress_runner.js:126315:10)\n    at Async.drainQueues (https://rc.crownpeak.com/__cypress/runner/cypress_runner.js:126189:14)\n    at <anonymous>"
            },
            "isRoot": false,
            "uuid": "dec3ccf2-3f5f-4f96-a797-0eaa2f960e7b",
            "isHook": false,
            "skipped": false
          }
        ],
        "suites": [],
        "passes": [],
        "failures": [
          "dec3ccf2-3f5f-4f96-a797-0eaa2f960e7b"
        ],
        "pending": [],
        "skipped": [],
        "duration": 161400,
        "root": false,
        "rootEmpty": false,
        "_timeout": 2000
      }
    ],
    "passes": [],
    "failures": [],
    "pending": [],
    "skipped": [],
    "duration": 0,
    "root": true,
    "rootEmpty": true,
    "_timeout": 2000
  },
  "copyrightYear": 2019
}